yarn install v1.22.22
[1/4] Resolving packages...
[2/4] Fetching packages...
[3/4] Linking dependencies...
[4/4] Building fresh packages...
info Visit https://yarnpkg.com/en/docs/cli/install for documentation about this command.
yarn run v1.22.22
$ next dev
  ▲ Next.js 14.2.29
  - Local:        http://localhost:3000
  - Environments: .env
  - Experiments (use with caution):
    · outputFileTracingRoot

 ✓ Starting...
 ✓ Ready in 2.5s
  ▲ Next.js 14.2.29
  - Local:        http://localhost:3000
  - Environments: .env
  - Experiments (use with caution):
    · outputFileTracingRoot

 ✓ Starting...
 ✓ Ready in 1939ms
  ▲ Next.js 14.2.29
  - Local:        http://localhost:3000
  - Environments: .env
  - Experiments (use with caution):
    · outputFileTracingRoot

 ✓ Starting...
Attention: Next.js now collects completely anonymous telemetry regarding usage.
This information is used to shape Next.js' roadmap and prioritize features.
You can learn more, including how to opt-out if you'd not like to participate in this anonymous program, by visiting the following URL:
https://nextjs.org/telemetry

 ✓ Ready in 2.1s
 ○ Compiling / ...
 ✓ Compiled / in 10.3s (1572 modules)
 HEAD / 200 in 10661ms
info Visit https://yarnpkg.com/en/docs/cli/run for documentation about this command.
[?25h
