warning package-lock.json found. Your project contains lock files generated by tools other than Yarn. It is advised not to mix package managers in order to avoid resolution inconsistencies caused by unsynchronized lock files. To clear this warning, remove package-lock.json.
warning workspace-aggregator-8a631696-6bff-4f9a-b5b4-6cafd87d9a7c > fotoverse > eslint@8.57.1: This version is no longer supported. Please see https://eslint.org/version-support for other options.
warning workspace-aggregator-8a631696-6bff-4f9a-b5b4-6cafd87d9a7c > fotoverse > eslint > @humanwhocodes/config-array@0.13.0: Use @eslint/config-array instead
warning workspace-aggregator-8a631696-6bff-4f9a-b5b4-6cafd87d9a7c > fotoverse > eslint > @humanwhocodes/config-array > @humanwhocodes/object-schema@2.0.3: Use @eslint/object-schema instead
warning chart.js@4.4.9: The engine "pnpm" appears to be invalid.
warning "react-hot-toast > goober@2.1.16" has unmet peer dependency "csstype@^3.0.10".
warning " > @typescript-eslint/parser@7.0.0" has incorrect peer dependency "eslint@^8.56.0".
warning " > @typescript-eslint/eslint-plugin@7.0.0" has incorrect peer dependency "@typescript-eslint/parser@^6.0.0 || ^6.0.0-alpha".
warning " > @typescript-eslint/eslint-plugin@7.0.0" has incorrect peer dependency "eslint@^8.56.0".
warning "@typescript-eslint/eslint-plugin > @typescript-eslint/type-utils@7.0.0" has incorrect peer dependency "eslint@^8.56.0".
warning "@typescript-eslint/eslint-plugin > @typescript-eslint/utils@7.0.0" has incorrect peer dependency "eslint@^8.56.0".
warning " > eslint-plugin-react-hooks@4.6.0" has incorrect peer dependency "eslint@^3.0.0 || ^4.0.0 || ^5.0.0 || ^6.0.0 || ^7.0.0 || ^8.0.0-0".
warning " > eslint-plugin-prettier@5.1.3" has unmet peer dependency "prettier@>=3.0.0".
error /home/ubuntu/fotoverse/node_modules/fotoverse: Command failed.
Exit code: 1
Command: prisma generate
Arguments: 
Directory: /home/ubuntu/fotoverse/node_modules/fotoverse
Output:
Environment variables loaded from .env
Prisma schema loaded from prisma/schema.prisma
warning package-lock.json found. Your project contains lock files generated by tools other than Yarn. It is advised not to mix package managers in order to avoid resolution inconsistencies caused by unsynchronized lock files. To clear this warning, remove package-lock.json.
warning workspace-aggregator-0f4679c7-2ebb-45f1-b572-08efc541bc7c > fotoverse > eslint@8.57.1: This version is no longer supported. Please see https://eslint.org/version-support for other options.
warning workspace-aggregator-0f4679c7-2ebb-45f1-b572-08efc541bc7c > fotoverse > eslint > @humanwhocodes/config-array@0.13.0: Use @eslint/config-array instead
warning workspace-aggregator-0f4679c7-2ebb-45f1-b572-08efc541bc7c > fotoverse > eslint > @humanwhocodes/config-array > @humanwhocodes/object-schema@2.0.3: Use @eslint/object-schema instead
warning chart.js@4.4.9: The engine "pnpm" appears to be invalid.
warning " > @floating-ui/react@0.26.0" has unmet peer dependency "react@>=16.8.0".
warning " > @floating-ui/react@0.26.0" has unmet peer dependency "react-dom@>=16.8.0".
warning " > @headlessui/react@1.7.18" has unmet peer dependency "react@^16 || ^17 || ^18".
warning " > @headlessui/react@1.7.18" has unmet peer dependency "react-dom@^16 || ^17 || ^18".
warning " > @hookform/resolvers@3.9.0" has unmet peer dependency "react-hook-form@^7.0.0".
warning " > @tanstack/react-query@5.0.0" has unmet peer dependency "react@^18.0.0".
warning " > formik@2.4.5" has unmet peer dependency "react@>=16.8.0".
warning " > next-auth@4.24.11" has unmet peer dependency "next@^12.2.5 || ^13 || ^14 || ^15".
warning " > next-auth@4.24.11" has unmet peer dependency "react@^17.0.2 || ^18 || ^19".
warning " > next-auth@4.24.11" has unmet peer dependency "react-dom@^17.0.2 || ^18 || ^19".
warning " > react-chartjs-2@5.3.0" has unmet peer dependency "react@^16.8.0 || ^17.0.0 || ^18.0.0 || ^19.0.0".
warning " > react-datepicker@6.1.0" has unmet peer dependency "react@^16.9.0 || ^17 || ^18".
warning " > react-datepicker@6.1.0" has unmet peer dependency "react-dom@^16.9.0 || ^17 || ^18".
warning " > react-hot-toast@2.4.1" has unmet peer dependency "react@>=16".
warning " > react-hot-toast@2.4.1" has unmet peer dependency "react-dom@>=16".
warning " > react-plotly.js@2.6.0" has unmet peer dependency "react@>0.13.0".
warning " > react-select@5.8.0" has unmet peer dependency "react@^16.8.0 || ^17.0.0 || ^18.0.0".
warning " > react-select@5.8.0" has unmet peer dependency "react-dom@^16.8.0 || ^17.0.0 || ^18.0.0".
warning " > react-use@17.6.0" has unmet peer dependency "react@*".
warning " > react-use@17.6.0" has unmet peer dependency "react-dom@*".
warning " > recharts@2.15.3" has unmet peer dependency "react@^16.0.0 || ^17.0.0 || ^18.0.0 || ^19.0.0".
warning " > recharts@2.15.3" has unmet peer dependency "react-dom@^16.0.0 || ^17.0.0 || ^18.0.0 || ^19.0.0".
warning " > swr@2.2.4" has unmet peer dependency "react@^16.11.0 || ^17.0.0 || ^18.0.0".
warning "workspace-aggregator-0f4679c7-2ebb-45f1-b572-08efc541bc7c > @typescript-eslint/parser@7.0.0" has incorrect peer dependency "eslint@^8.56.0".
warning "workspace-aggregator-0f4679c7-2ebb-45f1-b572-08efc541bc7c > @typescript-eslint/eslint-plugin@7.0.0" has incorrect peer dependency "@typescript-eslint/parser@^6.0.0 || ^6.0.0-alpha".
warning "workspace-aggregator-0f4679c7-2ebb-45f1-b572-08efc541bc7c > @typescript-eslint/eslint-plugin@7.0.0" has incorrect peer dependency "eslint@^8.56.0".
warning "workspace-aggregator-0f4679c7-2ebb-45f1-b572-08efc541bc7c > eslint-plugin-react-hooks@4.6.0" has incorrect peer dependency "eslint@^3.0.0 || ^4.0.0 || ^5.0.0 || ^6.0.0 || ^7.0.0 || ^8.0.0-0".
warning "workspace-aggregator-0f4679c7-2ebb-45f1-b572-08efc541bc7c > eslint-plugin-prettier@5.1.3" has unmet peer dependency "prettier@>=3.0.0".
warning "workspace-aggregator-0f4679c7-2ebb-45f1-b572-08efc541bc7c > react-hot-toast > goober@2.1.16" has unmet peer dependency "csstype@^3.0.10".
warning "workspace-aggregator-0f4679c7-2ebb-45f1-b572-08efc541bc7c > @typescript-eslint/eslint-plugin > @typescript-eslint/type-utils@7.0.0" has incorrect peer dependency "eslint@^8.56.0".
warning "workspace-aggregator-0f4679c7-2ebb-45f1-b572-08efc541bc7c > @typescript-eslint/eslint-plugin > @typescript-eslint/utils@7.0.0" has incorrect peer dependency "eslint@^8.56.0".
error Invariant Violation: expected workspace package to exist for "tailwindcss"
    at invariant (/usr/local/nvm/versions/node/v22.14.0/lib/node_modules/yarn/lib/cli.js:2318:15)
    at _loop2 (/usr/local/nvm/versions/node/v22.14.0/lib/node_modules/yarn/lib/cli.js:91560:9)
    at PackageHoister.init (/usr/local/nvm/versions/node/v22.14.0/lib/node_modules/yarn/lib/cli.js:91619:19)
    at PackageLinker.getFlatHoistedTree (/usr/local/nvm/versions/node/v22.14.0/lib/node_modules/yarn/lib/cli.js:48551:20)
    at PackageLinker.<anonymous> (/usr/local/nvm/versions/node/v22.14.0/lib/node_modules/yarn/lib/cli.js:48562:27)
    at Generator.next (<anonymous>)
    at step (/usr/local/nvm/versions/node/v22.14.0/lib/node_modules/yarn/lib/cli.js:310:30)
    at /usr/local/nvm/versions/node/v22.14.0/lib/node_modules/yarn/lib/cli.js:328:14
    at new Promise (<anonymous>)
    at new F (/usr/local/nvm/versions/node/v22.14.0/lib/node_modules/yarn/lib/cli.js:5539:28)
Error: Command failed with exit code 1: yarn add @prisma/client@6.8.2 --silent
