 ⚠ Fast Refresh had to perform a full reload. Read more: https://nextjs.org/docs/messages/fast-refresh-reload
 ⚠ Found a change in next.config.js. Restarting the server to apply the changes...
 ⚠ Invalid next.config.js options detected: 
 ⚠     Unrecognized key(s) in object: 'getStaticPaths'
 ⚠ See more info here: https://nextjs.org/docs/messages/invalid-next-config
 ⚠ Found a change in next.config.js. Restarting the server to apply the changes...
 ⚠ Found a change in next.config.js. Restarting the server to apply the changes...
 ⚠ Found a change in next.config.js. Restarting the server to apply the changes...
 ⚠ Invalid next.config.js options detected: 
 ⚠     Unrecognized key(s) in object: 'appDir' at "experimental"
 ⚠ See more info here: https://nextjs.org/docs/messages/invalid-next-config
 ⚠ Found a change in next.config.js. Restarting the server to apply the changes...
 ⚠ Invalid next.config.js options detected: 
 ⚠     Unrecognized key(s) in object: 'appDir' at "experimental"
 ⚠ See more info here: https://nextjs.org/docs/messages/invalid-next-config
Error: ENOENT: no such file or directory, scandir '/home/ubuntu/fotoverse/app/app'
    at async Object.readdir (node:internal/fs/promises:954:18)
    at async /home/ubuntu/fotoverse/app/node_modules/next/dist/lib/recursive-readdir.js:39:29
    at async Promise.all (index 0)
    at async recursiveReadDir (/home/ubuntu/fotoverse/app/node_modules/next/dist/lib/recursive-readdir.js:32:25)
    at async /home/ubuntu/fotoverse/app/node_modules/next/dist/server/future/route-matcher-providers/dev/helpers/file-reader/batched-file-reader.js:71:25
    at async Promise.all (index 0)
    at async BatchedFileReader.load (/home/ubuntu/fotoverse/app/node_modules/next/dist/server/future/route-matcher-providers/dev/helpers/file-reader/batched-file-reader.js:67:25)
    at async /home/ubuntu/fotoverse/app/node_modules/next/dist/server/future/route-matcher-providers/dev/helpers/file-reader/batched-file-reader.js:41:26 {
  errno: -2,
  code: 'ENOENT',
  syscall: 'scandir',
  path: '/home/ubuntu/fotoverse/app/app'
}
 ⨯ unhandledRejection: Error: ENOENT: no such file or directory, scandir '/home/ubuntu/fotoverse/app/app'
    at async Object.readdir (node:internal/fs/promises:954:18)
    at async /home/ubuntu/fotoverse/app/node_modules/next/dist/lib/recursive-readdir.js:39:29
    at async Promise.all (index 0)
    at async recursiveReadDir (/home/ubuntu/fotoverse/app/node_modules/next/dist/lib/recursive-readdir.js:32:25)
    at async /home/ubuntu/fotoverse/app/node_modules/next/dist/server/future/route-matcher-providers/dev/helpers/file-reader/batched-file-reader.js:71:25
    at async Promise.all (index 0)
    at async BatchedFileReader.load (/home/ubuntu/fotoverse/app/node_modules/next/dist/server/future/route-matcher-providers/dev/helpers/file-reader/batched-file-reader.js:67:25)
    at async /home/ubuntu/fotoverse/app/node_modules/next/dist/server/future/route-matcher-providers/dev/helpers/file-reader/batched-file-reader.js:41:26 {
  errno: -2,
  code: 'ENOENT',
  syscall: 'scandir',
  path: '/home/ubuntu/fotoverse/app/app'
}
 ⨯ unhandledRejection: Error: ENOENT: no such file or directory, scandir '/home/ubuntu/fotoverse/app/app'
    at async Object.readdir (node:internal/fs/promises:954:18)
    at async /home/ubuntu/fotoverse/app/node_modules/next/dist/lib/recursive-readdir.js:39:29
    at async Promise.all (index 0)
    at async recursiveReadDir (/home/ubuntu/fotoverse/app/node_modules/next/dist/lib/recursive-readdir.js:32:25)
    at async /home/ubuntu/fotoverse/app/node_modules/next/dist/server/future/route-matcher-providers/dev/helpers/file-reader/batched-file-reader.js:71:25
    at async Promise.all (index 0)
    at async BatchedFileReader.load (/home/ubuntu/fotoverse/app/node_modules/next/dist/server/future/route-matcher-providers/dev/helpers/file-reader/batched-file-reader.js:67:25)
    at async /home/ubuntu/fotoverse/app/node_modules/next/dist/server/future/route-matcher-providers/dev/helpers/file-reader/batched-file-reader.js:41:26 {
  errno: -2,
  code: 'ENOENT',
  syscall: 'scandir',
  path: '/home/ubuntu/fotoverse/app/app'
}
Error: ENOENT: no such file or directory, scandir '/home/ubuntu/fotoverse/app/app'
    at async Object.readdir (node:internal/fs/promises:954:18)
    at async /home/ubuntu/fotoverse/app/node_modules/next/dist/lib/recursive-readdir.js:39:29
    at async Promise.all (index 0)
    at async recursiveReadDir (/home/ubuntu/fotoverse/app/node_modules/next/dist/lib/recursive-readdir.js:32:25)
    at async /home/ubuntu/fotoverse/app/node_modules/next/dist/server/future/route-matcher-providers/dev/helpers/file-reader/batched-file-reader.js:71:25
    at async Promise.all (index 0)
    at async BatchedFileReader.load (/home/ubuntu/fotoverse/app/node_modules/next/dist/server/future/route-matcher-providers/dev/helpers/file-reader/batched-file-reader.js:67:25)
    at async /home/ubuntu/fotoverse/app/node_modules/next/dist/server/future/route-matcher-providers/dev/helpers/file-reader/batched-file-reader.js:41:26 {
  errno: -2,
  code: 'ENOENT',
  syscall: 'scandir',
  path: '/home/ubuntu/fotoverse/app/app'
}
 ⨯ unhandledRejection: Error: ENOENT: no such file or directory, scandir '/home/ubuntu/fotoverse/app/app'
    at async Object.readdir (node:internal/fs/promises:954:18)
    at async /home/ubuntu/fotoverse/app/node_modules/next/dist/lib/recursive-readdir.js:39:29
    at async Promise.all (index 0)
    at async recursiveReadDir (/home/ubuntu/fotoverse/app/node_modules/next/dist/lib/recursive-readdir.js:32:25)
    at async /home/ubuntu/fotoverse/app/node_modules/next/dist/server/future/route-matcher-providers/dev/helpers/file-reader/batched-file-reader.js:71:25
    at async Promise.all (index 0)
    at async BatchedFileReader.load (/home/ubuntu/fotoverse/app/node_modules/next/dist/server/future/route-matcher-providers/dev/helpers/file-reader/batched-file-reader.js:67:25)
    at async /home/ubuntu/fotoverse/app/node_modules/next/dist/server/future/route-matcher-providers/dev/helpers/file-reader/batched-file-reader.js:41:26 {
  errno: -2,
  code: 'ENOENT',
  syscall: 'scandir',
  path: '/home/ubuntu/fotoverse/app/app'
}
 ⨯ unhandledRejection: Error: ENOENT: no such file or directory, scandir '/home/ubuntu/fotoverse/app/app'
    at async Object.readdir (node:internal/fs/promises:954:18)
    at async /home/ubuntu/fotoverse/app/node_modules/next/dist/lib/recursive-readdir.js:39:29
    at async Promise.all (index 0)
    at async recursiveReadDir (/home/ubuntu/fotoverse/app/node_modules/next/dist/lib/recursive-readdir.js:32:25)
    at async /home/ubuntu/fotoverse/app/node_modules/next/dist/server/future/route-matcher-providers/dev/helpers/file-reader/batched-file-reader.js:71:25
    at async Promise.all (index 0)
    at async BatchedFileReader.load (/home/ubuntu/fotoverse/app/node_modules/next/dist/server/future/route-matcher-providers/dev/helpers/file-reader/batched-file-reader.js:67:25)
    at async /home/ubuntu/fotoverse/app/node_modules/next/dist/server/future/route-matcher-providers/dev/helpers/file-reader/batched-file-reader.js:41:26 {
  errno: -2,
  code: 'ENOENT',
  syscall: 'scandir',
  path: '/home/ubuntu/fotoverse/app/app'
}
